{"uuid":"88ea0220-2ed6-4007-8d01-143710422366","name":"Smoke Tests ios","children":["5a059752-9c66-44d7-9eb7-de525fe8d42c","27f23591-1053-4179-8184-d0e7a8a319f0","c6fe36db-7186-4cec-8698-8d773a325309"],"befores":[{"name":"initiateDriverSession","status":"broken","statusDetails":{"known":false,"muted":false,"flaky":false,"message":"Could not start a new session. Response code 500. Message: An unknown server-side error occurred while processing the command. Original error: Error: Could not find a driver for automationName 'xcuitest' and platformName 'IOS'. Have you installed a driver that supports those capabilities? Run 'appium driver list --installed' to see. (Lower-level error: Could not find installed driver to support given caps) \nHost info: host: 'VKLQ1FGWPJ', ip: 'fe80:0:0:0:8a1:7392:461c:ebc3%en0'\nBuild info: version: '4.23.0', revision: '4df0a231af'\nSystem info: os.name: 'Mac OS X', os.arch: 'aarch64', os.version: '14.7', java.version: '21.0.4'\nDriver info: io.appium.java_client.ios.IOSDriver\nCommand: [null, newSession {capabilities=[Capabilities {appium:appPushTimeout: 120000, appium:automationName: xcuitest, appium:bundleId: jockel.BachlorarbeitTestapp, appium:clearSystemFiles: true, appium:maxTypingFrequency: 30, platformName: IOS}]}]\nCapabilities {appium:appPushTimeout: 120000, appium:automationName: xcuitest, appium:bundleId: jockel.BachlorarbeitTestapp, appium:clearSystemFiles: true, appium:maxTypingFrequency: 30, platformName: IOS}","trace":"org.openqa.selenium.SessionNotCreatedException: Could not start a new session. Response code 500. Message: An unknown server-side error occurred while processing the command. Original error: Error: Could not find a driver for automationName 'xcuitest' and platformName 'IOS'. Have you installed a driver that supports those capabilities? Run 'appium driver list --installed' to see. (Lower-level error: Could not find installed driver to support given caps) \nHost info: host: 'VKLQ1FGWPJ', ip: 'fe80:0:0:0:8a1:7392:461c:ebc3%en0'\nBuild info: version: '4.23.0', revision: '4df0a231af'\nSystem info: os.name: 'Mac OS X', os.arch: 'aarch64', os.version: '14.7', java.version: '21.0.4'\nDriver info: io.appium.java_client.ios.IOSDriver\nCommand: [null, newSession {capabilities=[Capabilities {appium:appPushTimeout: 120000, appium:automationName: xcuitest, appium:bundleId: jockel.BachlorarbeitTestapp, appium:clearSystemFiles: true, appium:maxTypingFrequency: 30, platformName: IOS}]}]\nCapabilities {appium:appPushTimeout: 120000, appium:automationName: xcuitest, appium:bundleId: jockel.BachlorarbeitTestapp, appium:clearSystemFiles: true, appium:maxTypingFrequency: 30, platformName: IOS}\n\tat org.openqa.selenium.remote.ProtocolHandshake.createSession(ProtocolHandshake.java:114)\n\tat org.openqa.selenium.remote.ProtocolHandshake.createSession(ProtocolHandshake.java:75)\n\tat org.openqa.selenium.remote.ProtocolHandshake.createSession(ProtocolHandshake.java:61)\n\tat io.appium.java_client.remote.AppiumCommandExecutor.createSession(AppiumCommandExecutor.java:176)\n\tat io.appium.java_client.remote.AppiumCommandExecutor.execute(AppiumCommandExecutor.java:237)\n\tat org.openqa.selenium.remote.RemoteWebDriver.execute(RemoteWebDriver.java:527)\n\tat io.appium.java_client.AppiumDriver.startSession(AppiumDriver.java:270)\n\tat org.openqa.selenium.remote.RemoteWebDriver.<init>(RemoteWebDriver.java:163)\n\tat io.appium.java_client.AppiumDriver.<init>(AppiumDriver.java:91)\n\tat io.appium.java_client.AppiumDriver.<init>(AppiumDriver.java:103)\n\tat io.appium.java_client.ios.IOSDriver.<init>(IOSDriver.java:101)\n\tat org.example.utils.AppiumDriverBuilder.getDriverIOSSession(AppiumDriverBuilder.java:51)\n\tat org.example.ios.BaseTestIOS.initiateDriverSession(BaseTestIOS.java:24)\n\tat java.base/jdk.internal.reflect.DirectMethodHandleAccessor.invoke(DirectMethodHandleAccessor.java:103)\n\tat java.base/java.lang.reflect.Method.invoke(Method.java:580)\n\tat org.testng.internal.invokers.MethodInvocationHelper.invokeMethod(MethodInvocationHelper.java:141)\n\tat org.testng.internal.invokers.MethodInvocationHelper.invokeMethodConsideringTimeout(MethodInvocationHelper.java:71)\n\tat org.testng.internal.invokers.ConfigInvoker.invokeConfigurationMethod(ConfigInvoker.java:400)\n\tat org.testng.internal.invokers.ConfigInvoker.invokeConfigurations(ConfigInvoker.java:333)\n\tat org.testng.SuiteRunner.privateRun(SuiteRunner.java:358)\n\tat org.testng.SuiteRunner.run(SuiteRunner.java:312)\n\tat org.testng.SuiteRunnerWorker.runSuite(SuiteRunnerWorker.java:52)\n\tat org.testng.SuiteRunnerWorker.run(SuiteRunnerWorker.java:95)\n\tat org.testng.TestNG.runSuitesSequentially(TestNG.java:1274)\n\tat org.testng.TestNG.runSuitesLocally(TestNG.java:1208)\n\tat org.testng.TestNG.runSuites(TestNG.java:1112)\n\tat org.testng.TestNG.run(TestNG.java:1079)\n\tat com.intellij.rt.testng.IDEARemoteTestNG.run(IDEARemoteTestNG.java:65)\n\tat com.intellij.rt.testng.RemoteTestNGStarter.main(RemoteTestNGStarter.java:105)\n"},"stage":"finished","description":"","steps":[],"attachments":[],"parameters":[],"start":1728638602229,"stop":1728638602487}],"afters":[{"name":"quitDriverSession","status":"broken","statusDetails":{"known":false,"muted":false,"flaky":false,"message":"Cannot invoke \"io.appium.java_client.ios.IOSDriver.quit()\" because the return value of \"org.example.ios.BaseTestIOS.getDriver()\" is null","trace":"java.lang.NullPointerException: Cannot invoke \"io.appium.java_client.ios.IOSDriver.quit()\" because the return value of \"org.example.ios.BaseTestIOS.getDriver()\" is null\n\tat org.example.ios.BaseTestIOS.quitDriverSession(BaseTestIOS.java:29)\n\tat java.base/jdk.internal.reflect.DirectMethodHandleAccessor.invoke(DirectMethodHandleAccessor.java:103)\n\tat java.base/java.lang.reflect.Method.invoke(Method.java:580)\n\tat org.testng.internal.invokers.MethodInvocationHelper.invokeMethod(MethodInvocationHelper.java:141)\n\tat org.testng.internal.invokers.MethodInvocationHelper.invokeMethodConsideringTimeout(MethodInvocationHelper.java:71)\n\tat org.testng.internal.invokers.ConfigInvoker.invokeConfigurationMethod(ConfigInvoker.java:400)\n\tat org.testng.internal.invokers.ConfigInvoker.invokeConfigurations(ConfigInvoker.java:333)\n\tat org.testng.SuiteRunner.privateRun(SuiteRunner.java:386)\n\tat org.testng.SuiteRunner.run(SuiteRunner.java:312)\n\tat org.testng.SuiteRunnerWorker.runSuite(SuiteRunnerWorker.java:52)\n\tat org.testng.SuiteRunnerWorker.run(SuiteRunnerWorker.java:95)\n\tat org.testng.TestNG.runSuitesSequentially(TestNG.java:1274)\n\tat org.testng.TestNG.runSuitesLocally(TestNG.java:1208)\n\tat org.testng.TestNG.runSuites(TestNG.java:1112)\n\tat org.testng.TestNG.run(TestNG.java:1079)\n\tat com.intellij.rt.testng.IDEARemoteTestNG.run(IDEARemoteTestNG.java:65)\n\tat com.intellij.rt.testng.RemoteTestNGStarter.main(RemoteTestNGStarter.java:105)\n"},"stage":"finished","description":"","steps":[],"attachments":[],"parameters":[],"start":1728638602551,"stop":1728638602552}],"start":1728638602222,"stop":1728638602553}